TN:
SF:/home/luis/Proyectos activos/webApp/ng-changelog/src/ng-changelog.ts
FNF:0
FNH:0
DA:2,1
DA:3,1
LF:2
LH:2
BRF:0
BRH:0
end_of_record
TN:
SF:/home/luis/Proyectos activos/webApp/ng-changelog/src/components/changelog.component.ts
FN:8,(anonymous_2)
FN:12,ChangelogComponent
FN:14,(anonymous_4)
FNF:3
FNH:3
FNDA:1,(anonymous_2)
FNDA:1,ChangelogComponent
FNDA:1,(anonymous_4)
DA:1,1
DA:8,1
DA:14,1
DA:15,1
DA:18,1
LF:5
LH:5
BRF:0
BRH:0
end_of_record
TN:
SF:/home/luis/Proyectos activos/webApp/ng-changelog/src/modules/changelog.module.ts
FN:22,(anonymous_1)
FN:27,(anonymous_3)
FN:36,(anonymous_4)
FNF:3
FNH:1
FNDA:1,(anonymous_1)
FNDA:0,(anonymous_3)
FNDA:0,(anonymous_4)
DA:1,1
DA:2,1
DA:22,1
DA:27,1
DA:28,0
DA:36,1
DA:37,0
DA:42,1
LF:8
LH:6
BRF:0
BRH:0
end_of_record
